<?xml version="1.0" encoding="UTF-8"?>
<!-- Generated by org.testng.reporters.JUnitReportReporter -->
<testsuite hostname="LAPTOP-3LCNSVV1" failures="0" tests="1" name="Academy.ValidateNavigationBar" time="0.106" errors="0" timestamp="2022-04-10T20:36:25 IST" skipped="0">
  <testcase classname="Academy.ValidateNavigationBar" name="basePageNavigation" time="0.106"/>
  <system-out/>
</testsuite> <!-- Academy.ValidateNavigationBar -->
