<?xml version="1.0" encoding="UTF-8"?>
<!-- Generated by org.testng.reporters.JUnitReportReporter -->
<testsuite hostname="LAPTOP-3LCNSVV1" failures="0" tests="1" name="Academy.ValidateTittle" time="0.086" errors="0" timestamp="2022-04-10T20:36:25 IST" skipped="0">
  <testcase classname="Academy.ValidateTittle" name="basePageNavigation" time="0.086"/>
  <system-out/>
</testsuite> <!-- Academy.ValidateTittle -->
