<?xml version="1.0" encoding="UTF-8"?>
<!-- Generated by org.testng.reporters.JUnitReportReporter -->
<testsuite hostname="LAPTOP-3LCNSVV1" failures="0" tests="1" name="Academy.HomePage" time="18.888" errors="0" timestamp="2022-04-10T20:39:47 IST" skipped="0">
  <testcase classname="Academy.HomePage" name="basePageNavigation" time="18.888"/>
  <system-out/>
</testsuite> <!-- Academy.HomePage -->
