<?xml version="1.0" encoding="UTF-8"?>
<!-- Generated by org.testng.reporters.JUnitReportReporter -->
<testsuite hostname="LAPTOP-3LCNSVV1" failures="0" tests="1" name="Academy.AppTest" time="0.009" errors="0" timestamp="2022-04-10T19:47:34 IST" skipped="0">
  <testcase classname="Academy.AppTest" name="shouldAnswerWithTrue" time="0.009"/>
  <system-out/>
</testsuite> <!-- Academy.AppTest -->
